[2026-02-21 08:00:01] INFO  Server started on port 3000
[2026-02-21 08:00:05] INFO  Database connection established
[2026-02-21 08:01:12] DEBUG Request received: GET /api/users
[2026-02-21 08:01:13] INFO  Response sent: 200 OK
[2026-02-21 08:02:45] WARN  High memory usage detected: 85%
[2026-02-21 08:03:10] ERROR Failed to connect to cache service: ECONNREFUSED
[2026-02-21 08:03:11] INFO  Retrying cache connection...
[2026-02-21 08:03:15] INFO  Cache connection restored
[2026-02-21 08:05:22] DEBUG Request received: POST /api/login
[2026-02-21 08:05:23] ERROR Invalid token: JWT expired
[2026-02-21 08:06:00] INFO  User session cleaned up
[2026-02-21 08:07:45] WARN  Slow query detected: 2500ms on users table
[2026-02-21 08:08:00] ERROR Database query failed: Deadlock detected
[2026-02-21 08:08:01] INFO  Transaction rolled back successfully
[2026-02-21 08:09:30] DEBUG Request received: GET /api/products
[2026-02-21 08:09:31] INFO  Response sent: 200 OK
[2026-02-21 08:10:00] WARN  Rate limit approaching for IP 192.168.1.100
[2026-02-21 08:11:05] ERROR Unhandled exception in orderService: Cannot read property of undefined
[2026-02-21 08:11:06] INFO  Error handler invoked, response: 500
[2026-02-21 08:12:00] INFO  Scheduled job: cleanup started
[2026-02-21 08:12:30] INFO  Scheduled job: cleanup completed (45 records removed)
[2026-02-21 08:13:45] ERROR File not found: /uploads/temp/abc123.pdf
[2026-02-21 08:14:00] WARN  Disk usage at 78%
[2026-02-21 08:15:10] INFO  Health check passed
[2026-02-21 08:16:00] DEBUG Request received: DELETE /api/user/42
[2026-02-21 08:16:01] INFO  User 42 deleted successfully
[2026-02-21 08:17:20] ERROR Payment gateway timeout after 30000ms
[2026-02-21 08:17:21] INFO  Payment retry queued
[2026-02-21 08:18:00] INFO  Server shutdown initiated
[2026-02-21 08:18:05] INFO  Server stopped gracefully
